<?xml version="1.0" encoding="UTF-8"?>
<!-- Generated by org.testng.reporters.JUnitXMLReporter -->
<testsuite hostname="DESKTOP-HOL3156" ignored="1" name="Test" tests="12" failures="0" timestamp="24 Jul 2021 13:26:51 GMT" time="6.532" errors="0">
  <testcase name="tc0" time="0.163" classname="org.testngadact.SampleTestNg"/>
  <testcase name="tc01" time="0.095" classname="org.testngadact.SampleTestNg"/>
  <testcase name="tc02" time="0.573" classname="org.testngadact.SampleTestNg"/>
  <testcase name="tc03" time="0.188" classname="org.testngadact.SampleTestNg"/>
  <testcase name="tc04" time="0.134" classname="org.testngadact.SampleTestNg"/>
  <testcase name="tc05" time="0.136" classname="org.testngadact.SampleTestNg"/>
  <testcase name="tc06" time="0.139" classname="org.testngadact.SampleTestNg"/>
  <testcase name="tc07" time="0.123" classname="org.testngadact.SampleTestNg"/>
  <testcase name="tc08" time="0.131" classname="org.testngadact.SampleTestNg"/>
  <testcase name="tc09" time="0.146" classname="org.testngadact.SampleTestNg"/>
  <testcase name="tc10" time="0.134" classname="org.testngadact.SampleTestNg"/>
  <testcase name="tc11" time="0.389" classname="org.testngadact.SampleTestNg"/>
  <testcase name="tc12" time="0.0" classname="org.testngadact.SampleTestNg">
    <ignored/>
  </testcase> <!-- tc12 -->
</testsuite> <!-- Test -->
