<?xml version="1.0" encoding="UTF-8"?>
<!-- Generated by org.testng.reporters.JUnitXMLReporter -->
<testsuite hostname="DESKTOP-HOL3156" ignored="0" name="Test2" tests="3" failures="0" timestamp="21 Jul 2021 02:58:13 GMT" time="0.04" errors="0">
  <testcase name="tc6" time="0.0" classname="org.testngadact.ParallelExecutionTestng3"/>
  <testcase name="tc7" time="0.017" classname="org.testngadact.ParallelExecutionTestng3"/>
  <testcase name="tc8" time="0.0" classname="org.testngadact.ParallelExecutionTestng3"/>
</testsuite> <!-- Test2 -->
