<?xml version="1.0" encoding="UTF-8"?>
<!-- Generated by org.testng.reporters.JUnitXMLReporter -->
<testsuite hostname="DESKTOP-HOL3156" ignored="0" name="Test1" tests="3" failures="0" timestamp="21 Jul 2021 02:58:19 GMT" time="5.511" errors="0">
  <testcase name="tc3" time="5.472" classname="org.testngadact.ParallelExecutionTestng2"/>
  <testcase name="tc4" time="0.0" classname="org.testngadact.ParallelExecutionTestng2"/>
  <testcase name="tc5" time="0.001" classname="org.testngadact.ParallelExecutionTestng2"/>
</testsuite> <!-- Test1 -->
